<?xml version="1.0" encoding="UTF-8" ?>
<testsuites errors="0"
            failures="1"
            tests="1">

  <testsuite name="firstTest"
    errors="0" failures="1" hostname="" id="" package="firstTest" skipped="0"
    tests="1" time="14.31" timestamp="">
  
    <testcase name="Basic Google search" classname="firstTest" time="14.31" assertions="2">

      <failure message="Timed out while waiting for element &lt;#resultStats&gt; to be present for 1000 milliseconds. - expected [0;32m&#34;visible&#34;[0m but got: [0;31m&#34;not found&#34;[0m [0;90m(1051ms)[0m">    at Object.Basic Google search (/Users/varshana.balaji/automation/tests/firstTest.js:8:8)
    at processTicksAndRejections (internal/process/task_queues.js:89:5)</failure>

    
      <failure message="    at Object.Basic Google search (/Users/varshana.balaji/automation/tests/firstTest.js:8:8)">    at processTicksAndRejections (internal/process/task_queues.js:89:5)</failure>
    </testcase>
  

  

  
  </testsuite>
</testsuites>
